<?xml version="1.0" ?>
<coverage version="7.11.0" timestamp="1762476219623" lines-valid="128" lines-covered="119" line-rate="0.9297" branches-covered="0" branches-valid="0" branch-rate="0" complexity="0">
	<!-- Generated by coverage.py: https://coverage.readthedocs.io/en/7.11.0 -->
	<!-- Based on https://raw.githubusercontent.com/cobertura/web/master/htdocs/xml/coverage-04.dtd -->
	<sources>
		<source>/home/mtnvencenzo/Github/cezzis-pycore/kafka-packages/cezzis_kafka</source>
	</sources>
	<packages>
		<package name="." line-rate="0.9297" branch-rate="0" complexity="0">
			<classes>
				<class name="__init__.py" filename="__init__.py" complexity="0" line-rate="1" branch-rate="0">
					<methods/>
					<lines/>
				</class>
				<class name="ikafka_message_processor.py" filename="ikafka_message_processor.py" complexity="0" line-rate="0.7188" branch-rate="0">
					<methods/>
					<lines>
						<line number="1" hits="1"/>
						<line number="3" hits="1"/>
						<line number="5" hits="1"/>
						<line number="8" hits="1"/>
						<line number="9" hits="1"/>
						<line number="10" hits="1"/>
						<line number="11" hits="1"/>
						<line number="22" hits="0"/>
						<line number="24" hits="1"/>
						<line number="25" hits="1"/>
						<line number="31" hits="0"/>
						<line number="33" hits="1"/>
						<line number="34" hits="1"/>
						<line number="39" hits="0"/>
						<line number="41" hits="1"/>
						<line number="42" hits="1"/>
						<line number="48" hits="0"/>
						<line number="50" hits="1"/>
						<line number="51" hits="1"/>
						<line number="57" hits="0"/>
						<line number="59" hits="1"/>
						<line number="60" hits="1"/>
						<line number="66" hits="0"/>
						<line number="68" hits="1"/>
						<line number="69" hits="1"/>
						<line number="74" hits="0"/>
						<line number="76" hits="1"/>
						<line number="77" hits="1"/>
						<line number="82" hits="0"/>
						<line number="84" hits="1"/>
						<line number="85" hits="1"/>
						<line number="91" hits="0"/>
					</lines>
				</class>
				<class name="kafka_consumer.py" filename="kafka_consumer.py" complexity="0" line-rate="1" branch-rate="0">
					<methods/>
					<lines>
						<line number="1" hits="1"/>
						<line number="2" hits="1"/>
						<line number="3" hits="1"/>
						<line number="4" hits="1"/>
						<line number="6" hits="1"/>
						<line number="9" hits="1"/>
						<line number="10" hits="1"/>
						<line number="12" hits="1"/>
						<line number="15" hits="1"/>
						<line number="24" hits="1"/>
						<line number="26" hits="1"/>
						<line number="27" hits="1"/>
						<line number="29" hits="1"/>
						<line number="30" hits="1"/>
						<line number="32" hits="1"/>
						<line number="34" hits="1"/>
						<line number="35" hits="1"/>
						<line number="45" hits="1"/>
						<line number="46" hits="1"/>
						<line number="58" hits="1"/>
						<line number="61" hits="1"/>
						<line number="62" hits="1"/>
						<line number="65" hits="1"/>
						<line number="84" hits="1"/>
						<line number="94" hits="1"/>
						<line number="96" hits="1"/>
						<line number="97" hits="1"/>
						<line number="107" hits="1"/>
						<line number="115" hits="1"/>
						<line number="116" hits="1"/>
						<line number="117" hits="1"/>
						<line number="128" hits="1"/>
						<line number="129" hits="1"/>
						<line number="130" hits="1"/>
						<line number="141" hits="1"/>
						<line number="152" hits="1"/>
						<line number="162" hits="1"/>
						<line number="164" hits="1"/>
						<line number="166" hits="1"/>
						<line number="175" hits="1"/>
						<line number="177" hits="1"/>
						<line number="187" hits="1"/>
						<line number="189" hits="1"/>
						<line number="190" hits="1"/>
						<line number="201" hits="1"/>
						<line number="204" hits="1"/>
						<line number="216" hits="1"/>
						<line number="226" hits="1"/>
						<line number="227" hits="1"/>
						<line number="229" hits="1"/>
						<line number="239" hits="1"/>
						<line number="241" hits="1"/>
						<line number="242" hits="1"/>
						<line number="253" hits="1"/>
						<line number="256" hits="1"/>
						<line number="266" hits="1"/>
						<line number="277" hits="1"/>
						<line number="278" hits="1"/>
						<line number="280" hits="1"/>
						<line number="281" hits="1"/>
						<line number="282" hits="1"/>
						<line number="283" hits="1"/>
						<line number="284" hits="1"/>
						<line number="285" hits="1"/>
						<line number="296" hits="1"/>
						<line number="299" hits="1"/>
						<line number="312" hits="1"/>
						<line number="314" hits="1"/>
						<line number="316" hits="1"/>
						<line number="319" hits="1"/>
						<line number="328" hits="1"/>
						<line number="338" hits="1"/>
						<line number="340" hits="1"/>
						<line number="341" hits="1"/>
						<line number="350" hits="1"/>
						<line number="351" hits="1"/>
						<line number="352" hits="1"/>
						<line number="363" hits="1"/>
						<line number="373" hits="1"/>
					</lines>
				</class>
				<class name="kafka_consumer_settings.py" filename="kafka_consumer_settings.py" complexity="0" line-rate="1" branch-rate="0">
					<methods/>
					<lines>
						<line number="1" hits="1"/>
						<line number="15" hits="1"/>
						<line number="33" hits="1"/>
						<line number="34" hits="1"/>
						<line number="36" hits="1"/>
						<line number="37" hits="1"/>
						<line number="39" hits="1"/>
						<line number="40" hits="1"/>
						<line number="42" hits="1"/>
						<line number="43" hits="1"/>
						<line number="45" hits="1"/>
						<line number="46" hits="1"/>
						<line number="48" hits="1"/>
						<line number="49" hits="1"/>
						<line number="50" hits="1"/>
						<line number="51" hits="1"/>
						<line number="52" hits="1"/>
					</lines>
				</class>
			</classes>
		</package>
	</packages>
</coverage>
