<?xml version="1.0" encoding="utf-8"?><testsuites name="pytest tests"><testsuite name="pytest" errors="0" failures="0" skipped="0" tests="23" time="0.216" timestamp="2025-11-06T17:43:39.427479-07:00" hostname="mtnvencenzo-G3-3779"><testcase classname="test.test_kafka_consumer.TestCreateConsumer" name="test_creates_consumer_successfully" time="0.006" /><testcase classname="test.test_kafka_consumer.TestCreateConsumer" name="test_returns_none_on_exception" time="0.001" /><testcase classname="test.test_kafka_consumer.TestSubscribeConsumer" name="test_subscribes_to_topic_successfully" time="0.003" /><testcase classname="test.test_kafka_consumer.TestSubscribeConsumer" name="test_raises_exception_on_subscription_error" time="0.005" /><testcase classname="test.test_kafka_consumer.TestStartPolling" name="test_polls_and_processes_message" time="0.005" /><testcase classname="test.test_kafka_consumer.TestStartPolling" name="test_handles_partition_eof_error" time="0.005" /><testcase classname="test.test_kafka_consumer.TestStartPolling" name="test_handles_kafka_error" time="0.006" /><testcase classname="test.test_kafka_consumer.TestStartPolling" name="test_stops_when_event_is_set" time="0.003" /><testcase classname="test.test_kafka_consumer.TestCloseConsumer" name="test_closes_consumer_successfully" time="0.003" /><testcase classname="test.test_kafka_consumer.TestCloseConsumer" name="test_closes_consumer_even_if_commit_fails" time="0.003" /><testcase classname="test.test_kafka_consumer.TestStartConsumer" name="test_starts_consumer_successfully" time="0.003" /><testcase classname="test.test_kafka_consumer.TestStartConsumer" name="test_returns_early_if_consumer_creation_fails" time="0.002" /><testcase classname="test.test_kafka_consumer.TestStartConsumer" name="test_handles_keyboard_interrupt" time="0.002" /><testcase classname="test.test_kafka_consumer.TestStartConsumer" name="test_handles_unexpected_exception" time="0.004" /><testcase classname="test.test_kafka_consumer.TestSpawnConsumers" name="test_spawns_correct_number_of_consumers" time="0.005" /><testcase classname="test.test_kafka_consumer.TestSpawnConsumers" name="test_creates_processors_with_unique_ids" time="0.004" /><testcase classname="test.test_kafka_consumer_settings.TestKafkaConsumerSettings" name="test_assigns_setting_values_correctly" time="0.001" /><testcase classname="test.test_kafka_consumer_settings.TestKafkaConsumerSettings" name="test_uses_defaults_correctly" time="0.001" /><testcase classname="test.test_kafka_consumer_settings.TestKafkaConsumerSettings" name="test_raises_error_on_invalid_consumer_id" time="0.002" /><testcase classname="test.test_kafka_consumer_settings.TestKafkaConsumerSettings" name="test_raises_error_on_empty_bootstrap_servers" time="0.003" /><testcase classname="test.test_kafka_consumer_settings.TestKafkaConsumerSettings" name="test_raises_error_on_empty_consumer_group" time="0.002" /><testcase classname="test.test_kafka_consumer_settings.TestKafkaConsumerSettings" name="test_raises_error_on_empty_topic_name" time="0.002" /><testcase classname="test.test_kafka_consumer_settings.TestKafkaConsumerSettings" name="test_raises_error_on_invalid_num_consumers" time="0.003" /></testsuite></testsuites>